User belongs to experiment group 'ShowPlayIcon - start'
User belongs to experiment group 'ShowExtensionSurveyPrompt - enabled'
User belongs to experiment group 'DebugAdapterFactory - experiment'
> conda --version
> pyenv root
> python3.7 -c "import sys;print(sys.executable)"
> python3.6 -c "import sys;print(sys.executable)"
> python3 -c "import sys;print(sys.executable)"
> python2 -c "import sys;print(sys.executable)"
> python -c "import sys;print(sys.executable)"
> python -c "import sys;print(sys.executable)"
> conda info --json
> /bin/python36 ~/.vscode/extensions/ms-python.python-2019.9.34911/pythonFiles/interpreterInfo.py
> /bin/python36 ~/.vscode/extensions/ms-python.python-2019.9.34911/pythonFiles/interpreterInfo.py
> /usr/bin/python36 ~/.vscode/extensions/ms-python.python-2019.9.34911/pythonFiles/interpreterInfo.py
> /usr/bin/python36 ~/.vscode/extensions/ms-python.python-2019.9.34911/pythonFiles/interpreterInfo.py
> /usr/bin/python36 ~/.vscode/extensions/ms-python.python-2019.9.34911/pythonFiles/interpreterInfo.py
> /usr/bin/python36 ~/.vscode/extensions/ms-python.python-2019.9.34911/pythonFiles/interpreterInfo.py
> /bin/python36 ~/.vscode/extensions/ms-python.python-2019.9.34911/pythonFiles/interpreterInfo.py
> /bin/python36 ~/.vscode/extensions/ms-python.python-2019.9.34911/pythonFiles/interpreterInfo.py
Starting Microsoft Python language server.
> conda info --json
> conda --version
